Arguments: 
  /usr/bin/node /usr/bin/yarn install

PATH: 
  .:/home/end/.go/bin/:/home/end/.cargo/bin/:/home/end/.bin/:/home/end/.local/bin/:/home/end/.npm-global/bin:/usr/local/bin/:/home/end/.dotnet/:/home/end/.local/share/gem/ruby/3.0.0/bin/:/home/end/.yarn/bin/:/home/end/.config/Code/User/globalStorage/ms-vscode-remote.remote-containers/cli:/home/end/.opt/android-sdk/cmdline-tools/latest/bin:/usr/local/bin:/usr/bin:/bin:/usr/local/sbin:/usr/sbin:/sbin

Yarn version: 
  1.22.10

Node version: 
  16.13.2

Platform: 
  linux x64

Trace: 
  SyntaxError: /home/end/Testing/svelte-esbuild/package.json: Unexpected token } in JSON at position 855
      at JSON.parse (<anonymous>)
      at /usr/lib/yarn/cli.js:1625:59
      at Generator.next (<anonymous>)
      at step (/usr/lib/yarn/cli.js:310:30)
      at /usr/lib/yarn/cli.js:321:13

npm manifest: 
  {
    "name": "svelte-esbuild",
    "version": "1.0.0",
    "private": true,
    "scripts": {
      "build": "rollup -c",
      "dev": "rollup -c -w",
      "start": "sirv public --no-clear",
      "check": "svelte-check --tsconfig ./tsconfig.json"
    },
    "devDependencies": {
      "@rollup/plugin-commonjs": "^17.0.0",
      "@rollup/plugin-node-resolve": "^11.0.0",
      "@tsconfig/svelte": "^3.0.0",
      "autoprefixer": "^10.4.2",
      "esbuild": "^0.14.14",
      "rollup": "^2.3.4",
      "rollup-plugin-css-only": "^3.1.0",
      "rollup-plugin-esbuild": "^4.8.2",
      "rollup-plugin-livereload": "^2.0.0",
      "rollup-plugin-svelte": "^7.0.0",
      "rollup-plugin-terser": "^7.0.0",
      "sirv-cli": "^1.0.0",
      "svelte": "^3.0.0",
      "svelte-check": "^2.0.0",
      "svelte-preprocess": "^4.0.0",
      "svelte-preprocess-esbuild": "^2.0.0",
      "svelte-scrollto": "^0.2.0",
    },
    "dependencies": {}
  }

yarn manifest: 
  No manifest

Lockfile: 
  No lockfile
